#
# A fatal error has been detected by the Java Runtime Environment:
#
#  Internal Error (os_windows_x86.cpp:114), pid=9524, tid=1124
#  Error: guarantee(result == -1,"Unexpected result from topLevelExceptionFilter")
#
# JRE version: 6.0_17-b04
# Java VM: Java HotSpot(TM) 64-Bit Server VM (14.3-b01 mixed mode windows-amd64 )
# If you would like to submit a bug report, please visit:
#   http://java.sun.com/webapps/bugreport/crash.jsp
# The crash happened outside the Java Virtual Machine in native code.
# See problematic frame for where to report the bug.
#

---------------  T H R E A D  ---------------

Current thread (0x0000000038ea9000):  JavaThread "AWT-EventQueue-0" [_thread_in_native, id=1124, stack(0x000000000fb60000,0x000000000fbe0000)]

Stack: [0x000000000fb60000,0x000000000fbe0000]
[error occurred during error reporting (printing stack bounds), id 0xc0000005]

Java frames: (J=compiled Java code, j=interpreted, Vv=VM code)
j  com.mathworks.services.Prefs.nativeGetPreferencesDirectory()Ljava/lang/String;+0
j  com.mathworks.services.Prefs.getPropertyDirectory()Ljava/lang/String;+0
j  com.mathworks.mde.cmdhist.CmdHistoryIO.getTempHistoryFile()Ljava/io/File;+4
j  com.mathworks.mde.cmdhist.CmdHistoryIO.saveHistory(Ljava/io/File;)V+0
j  com.mathworks.mde.cmdhist.CmdHistoryIO.saveHistory()V+9
j  com.mathworks.mde.cmdhist.CmdHistory.save()V+7
j  com.mathworks.mde.cmdhist.CmdHistory.add(Ljava/lang/Object;Z)V+125
j  com.mathworks.mde.cmdwin.CmdWinEditorKit.sendCommandToHistory(Ljava/lang/String;)V+72
j  com.mathworks.mde.cmdwin.CmdWinEditorKit.sendCurrentCommand(I)V+158
j  com.mathworks.mde.cmdwin.CmdWinEditorKit$CWReturnAction.actionPerformed(Ljava/awt/event/ActionEvent;)V+127
j  javax.swing.SwingUtilities.notifyAction(Ljavax/swing/Action;Ljavax/swing/KeyStroke;Ljava/awt/event/KeyEvent;Ljava/lang/Object;I)Z+132
J  javax.swing.JComponent.processKeyBinding(Ljavax/swing/KeyStroke;Ljava/awt/event/KeyEvent;IZ)Z
j  javax.swing.JComponent.processKeyBindings(Ljava/awt/event/KeyEvent;Z)Z+56
j  javax.swing.JComponent.processKeyEvent(Ljava/awt/event/KeyEvent;)V+51
j  com.mathworks.mde.cmdwin.XCmdWndView.processKeyEvent(Ljava/awt/event/KeyEvent;)V+89
J  java.awt.Component.processEvent(Ljava/awt/AWTEvent;)V
j  java.awt.Container.processEvent(Ljava/awt/AWTEvent;)V+18
j  com.mathworks.mde.cmdwin.XCmdWndView.processEvent(Ljava/awt/AWTEvent;)V+2
J  java.awt.Component.dispatchEventImpl(Ljava/awt/AWTEvent;)V
J  java.awt.Container.dispatchEventImpl(Ljava/awt/AWTEvent;)V
j  java.awt.Component.dispatchEvent(Ljava/awt/AWTEvent;)V+2
j  java.awt.KeyboardFocusManager.redispatchEvent(Ljava/awt/Component;Ljava/awt/AWTEvent;)V+7
j  java.awt.DefaultKeyboardFocusManager.dispatchKeyEvent(Ljava/awt/event/KeyEvent;)Z+70
j  java.awt.DefaultKeyboardFocusManager.preDispatchKeyEvent(Ljava/awt/event/KeyEvent;)Z+140
j  java.awt.DefaultKeyboardFocusManager.typeAheadAssertions(Ljava/awt/Component;Ljava/awt/AWTEvent;)Z+175
J  java.awt.DefaultKeyboardFocusManager.dispatchEvent(Ljava/awt/AWTEvent;)Z
J  java.awt.Component.dispatchEventImpl(Ljava/awt/AWTEvent;)V
J  java.awt.Container.dispatchEventImpl(Ljava/awt/AWTEvent;)V
j  java.awt.Window.dispatchEventImpl(Ljava/awt/AWTEvent;)V+19
J  java.awt.EventDispatchThread.pumpOneEventForFilters(I)Z
J  java.awt.EventDispatchThread.pumpEventsForFilter(ILjava/awt/Conditional;Ljava/awt/EventFilter;)V
j  java.awt.EventDispatchThread.pumpEventsForHierarchy(ILjava/awt/Conditional;Ljava/awt/Component;)V+11
j  java.awt.EventDispatchThread.pumpEvents(ILjava/awt/Conditional;)V+4
j  java.awt.EventDispatchThread.pumpEvents(Ljava/awt/Conditional;)V+3
j  java.awt.EventDispatchThread.run()V+9
v  ~StubRoutines::call_stub

---------------  P R O C E S S  ---------------

Java Threads: ( => current thread )
  0x0000000038eb2800 JavaThread "Code Analyzer updating thread" [_thread_blocked, id=8208, stack(0x0000000007ec0000,0x0000000007f40000)]
  0x0000000038eb4000 JavaThread "Code Analyzer updating thread" [_thread_blocked, id=8552, stack(0x000000000c2d0000,0x000000000c350000)]
  0x0000000038eb4800 JavaThread "pool-2-thread-1" [_thread_blocked, id=3676, stack(0x0000000007f40000,0x0000000007fc0000)]
  0x0000000038eaf800 JavaThread "Code Analyzer updating thread" [_thread_blocked, id=6240, stack(0x0000000007fc0000,0x0000000008040000)]
  0x0000000038eb7000 JavaThread "Foxtrot Single Worker Thread #1" daemon [_thread_blocked, id=10408, stack(0x0000000008100000,0x0000000008180000)]
  0x0000000038eae000 JavaThread "Code Analyzer updating thread" [_thread_blocked, id=9848, stack(0x0000000007830000,0x00000000078b0000)]
  0x0000000038eb1000 JavaThread "Active Reference Queue Daemon" daemon [_thread_blocked, id=5688, stack(0x00000000077a0000,0x0000000007820000)]
  0x0000000038eb0800 JavaThread "Timer-114" daemon [_thread_blocked, id=10916, stack(0x0000000007920000,0x00000000079a0000)]
  0x0000000038eb3000 JavaThread "RequestQueue for GenericFileList" [_thread_blocked, id=6256, stack(0x0000000016240000,0x00000000162c0000)]
  0x0000000038eb1800 JavaThread "Timer-7" daemon [_thread_blocked, id=7740, stack(0x000000003f5d0000,0x000000003f650000)]
  0x0000000038eaf000 JavaThread "Prefs Updater" daemon [_thread_blocked, id=8560, stack(0x000000003f4a0000,0x000000003f520000)]
  0x0000000038ead800 JavaThread "Timer-1" [_thread_blocked, id=9420, stack(0x000000003f410000,0x000000003f490000)]
  0x0000000038eac800 JavaThread "FelixPackageAdmin" daemon [_thread_blocked, id=6564, stack(0x0000000012580000,0x0000000012600000)]
  0x0000000038eac000 JavaThread "FelixStartLevel" daemon [_thread_blocked, id=7932, stack(0x0000000035b30000,0x0000000035bb0000)]
  0x0000000038eab000 JavaThread "FelixDispatchQueue" daemon [_thread_blocked, id=5716, stack(0x0000000012640000,0x00000000126c0000)]
  0x0000000038eaa000 JavaThread "TimerQueue" daemon [_thread_blocked, id=3776, stack(0x000000000dee0000,0x000000000df60000)]
=>0x0000000038ea9000 JavaThread "AWT-EventQueue-0" [_thread_in_native, id=1124, stack(0x000000000fb60000,0x000000000fbe0000)]
  0x0000000038ea8800 JavaThread "AWT-Shutdown" [_thread_blocked, id=9372, stack(0x000000000c770000,0x000000000c7f0000)]
  0x000000000f48c000 JavaThread "com.google.common.base.internal.Finalizer" daemon [_thread_blocked, id=7732, stack(0x000000000fa20000,0x000000000faa0000)]
  0x0000000038b8f800 JavaThread "AWT-Windows" daemon [_thread_in_native, id=8384, stack(0x000000000f8c0000,0x000000000f940000)]
  0x0000000038901800 JavaThread "Java2D Disposer" daemon [_thread_blocked, id=5056, stack(0x0000000009c00000,0x0000000009c80000)]
  0x000000000f663800 JavaThread "Timer-0" [_thread_blocked, id=5832, stack(0x0000000009cb0000,0x0000000009d30000)]
  0x000000000f5ff800 JavaThread "JMI Unnamed Thread" [_thread_in_native, id=5996, stack(0x00000000086f0000,0x0000000009bf0000)]
  0x000000000581f000 JavaThread "Low Memory Detector" daemon [_thread_blocked, id=5272, stack(0x0000000006fd0000,0x0000000007050000)]
  0x000000000581b800 JavaThread "CompilerThread1" daemon [_thread_blocked, id=5320, stack(0x0000000035c10000,0x0000000037110000)]
  0x0000000005811800 JavaThread "CompilerThread0" daemon [_thread_blocked, id=9128, stack(0x00000000345a0000,0x0000000035aa0000)]
  0x0000000005810000 JavaThread "Attach Listener" daemon [_thread_blocked, id=5840, stack(0x00000000085b0000,0x0000000008630000)]
  0x00000000057bb000 JavaThread "Finalizer" daemon [_thread_blocked, id=9332, stack(0x0000000008630000,0x00000000086b0000)]
  0x00000000057b4800 JavaThread "Reference Handler" daemon [_thread_blocked, id=8696, stack(0x0000000006f30000,0x0000000006fb0000)]
  0x0000000002094000 JavaThread "main" [_thread_in_native, id=8860, stack(0x00000000000d0000,0x00000000015d0000)]

Other Threads:
  0x00000000057b1800 VMThread [stack: 0x0000000033080000,0x0000000034580000] [id=9036]
  0x000000000584a800 WatcherThread [stack: 0x00000000372e0000,0x00000000387e0000] [id=6632]

VM state:not at safepoint (normal execution)

VM Mutex/Monitor currently owned by a thread: None

Heap
 PSYoungGen      total 15872K, used 3978K [0x000000002a940000, 0x000000002b9e0000, 0x000000002da40000)
  eden space 15488K, 23% used [0x000000002a940000,0x000000002acc2ae0,0x000000002b860000)
  from space 384K, 100% used [0x000000002b880000,0x000000002b8e0000,0x000000002b8e0000)
  to   space 768K, 0% used [0x000000002b920000,0x000000002b920000,0x000000002b9e0000)
 PSOldGen        total 150528K, used 113362K [0x0000000021640000, 0x000000002a940000, 0x000000002a940000)
  object space 150528K, 75% used [0x0000000021640000,0x00000000284f4ae0,0x000000002a940000)
 PSPermGen       total 90816K, used 60726K [0x0000000019640000, 0x000000001eef0000, 0x0000000021640000)
  object space 90816K, 66% used [0x0000000019640000,0x000000001d18da20,0x000000001eef0000)

Dynamic libraries:
0x000000013f5c0000 - 0x000000013f5e9000 	C:\Program Files\MatlabR2011a\bin\win64\MATLAB.exe
0x00000000778a0000 - 0x0000000077a49000 	C:\Windows\SYSTEM32\ntdll.dll
0x0000000077780000 - 0x000000007789f000 	C:\Windows\system32\kernel32.dll
0x000007fefd940000 - 0x000007fefd9ab000 	C:\Windows\system32\KERNELBASE.dll
0x0000000074460000 - 0x0000000074569000 	C:\Program Files\MatlabR2011a\bin\win64\libut.dll
0x00000000758a0000 - 0x0000000075920000 	C:\Program Files\MatlabR2011a\bin\win64\libmwi18n.dll
0x0000000180000000 - 0x000000018000b000 	C:\Program Files\MatlabR2011a\bin\win64\libmwresource_core.dll
0x00000000726d0000 - 0x00000000727a3000 	C:\Windows\WinSxS\amd64_microsoft.vc90.crt_1fc8b3b9a1e18e3b_9.0.30729.4940_none_08e4299fa83d7e3c\MSVCP90.dll
0x0000000072490000 - 0x000000007252d000 	C:\Windows\WinSxS\amd64_microsoft.vc90.crt_1fc8b3b9a1e18e3b_9.0.30729.4940_none_08e4299fa83d7e3c\MSVCR90.dll
0x000000007a3b0000 - 0x000000007a3c0000 	C:\Program Files\MatlabR2011a\bin\win64\boost_date_time-vc90-mt-1_40.dll
0x000000007a170000 - 0x000000007a189000 	C:\Program Files\MatlabR2011a\bin\win64\boost_filesystem-vc90-mt-1_40.dll
0x000000007a560000 - 0x000000007a569000 	C:\Program Files\MatlabR2011a\bin\win64\boost_system-vc90-mt-1_40.dll
0x000000007a2d0000 - 0x000000007a2e2000 	C:\Program Files\MatlabR2011a\bin\win64\boost_thread-vc90-mt-1_40.dll
0x000000007a010000 - 0x000000007a035000 	C:\Program Files\MatlabR2011a\bin\win64\LIBEXPAT.dll
0x00000000739d0000 - 0x0000000073b8c000 	C:\Program Files\MatlabR2011a\bin\win64\icuin42.dll
0x00000000740b0000 - 0x0000000074223000 	C:\Program Files\MatlabR2011a\bin\win64\icuuc42.dll
0x000007feff140000 - 0x000007feff21b000 	C:\Windows\system32\ADVAPI32.dll
0x000007fefdf20000 - 0x000007fefdfbf000 	C:\Windows\system32\msvcrt.dll
0x000007feff610000 - 0x000007feff62f000 	C:\Windows\SYSTEM32\sechost.dll
0x000007fefdd50000 - 0x000007fefde7d000 	C:\Windows\system32\RPCRT4.dll
0x0000000010000000 - 0x0000000010f47000 	C:\Program Files\MatlabR2011a\bin\win64\icudt42.dll
0x0000000073f70000 - 0x000000007407d000 	C:\Program Files\MatlabR2011a\bin\win64\libmwfl.dll
0x0000000001670000 - 0x0000000001703000 	C:\Program Files\MatlabR2011a\bin\win64\libmwMATLAB_res.dll
0x000000007a250000 - 0x000000007a263000 	C:\Program Files\MatlabR2011a\bin\win64\boost_signals-vc90-mt-1_40.dll
0x0000000001730000 - 0x0000000001776000 	C:\Program Files\MatlabR2011a\bin\win64\tbb.dll
0x000007fefdbc0000 - 0x000007fefdbd9000 	C:\Windows\system32\imagehlp.dll
0x0000000077a60000 - 0x0000000077a67000 	C:\Windows\system32\PSAPI.DLL
0x000000007a3d0000 - 0x000000007a3e3000 	C:\Program Files\MatlabR2011a\bin\win64\icuio42.dll
0x000007fefb150000 - 0x000007fefb275000 	C:\Windows\system32\dbghelp.dll
0x0000000077680000 - 0x000000007777a000 	C:\Windows\system32\USER32.dll
0x000007feff700000 - 0x000007feff767000 	C:\Windows\system32\GDI32.dll
0x000007fefdcc0000 - 0x000007fefdcce000 	C:\Windows\system32\LPK.dll
0x000007fefe270000 - 0x000007fefe339000 	C:\Windows\system32\USP10.dll
0x000000007bed0000 - 0x000000007c0f5000 	C:\Program Files\MatlabR2011a\bin\win64\libmwservices.dll
0x0000000075a20000 - 0x0000000075ab2000 	C:\Program Files\MatlabR2011a\bin\win64\libmx.dll
0x000000007a210000 - 0x000000007a226000 	C:\Program Files\MatlabR2011a\bin\win64\zlib1.dll
0x0000000074330000 - 0x000000007444b000 	C:\Program Files\MatlabR2011a\bin\win64\libmwmathutil.dll
0x0000000068cc0000 - 0x0000000068d14000 	C:\Program Files\MatlabR2011a\bin\win64\mpath.dll
0x000000007b680000 - 0x000000007b982000 	C:\Program Files\MatlabR2011a\bin\win64\mlutil.dll
0x0000000063b10000 - 0x0000000063b92000 	C:\Program Files\MatlabR2011a\bin\win64\xmlcore.dll
0x000000007bc30000 - 0x000000007be83000 	C:\Program Files\MatlabR2011a\bin\win64\xerces-c_2_7.dll
0x000007feff6b0000 - 0x000007feff6fd000 	C:\Windows\system32\WS2_32.dll
0x000007fefe340000 - 0x000007fefe348000 	C:\Windows\system32\NSI.dll
0x000007fefe350000 - 0x000007feff0d8000 	C:\Windows\system32\SHELL32.dll
0x000007feff630000 - 0x000007feff6a1000 	C:\Windows\system32\SHLWAPI.dll
0x000007fef9ee0000 - 0x000007fef9f80000 	C:\Windows\WinSxS\amd64_microsoft.windows.common-controls_6595b64144ccf1df_5.82.7601.18201_none_a4d3b9377117c3df\COMCTL32.dll
0x000007fefdfc0000 - 0x000007fefe057000 	C:\Windows\system32\COMDLG32.dll
0x000007fefaba0000 - 0x000007fefabb6000 	C:\Windows\system32\NETAPI32.dll
0x000007fefccb0000 - 0x000007fefccbc000 	C:\Windows\system32\netutils.dll
0x000007fefd300000 - 0x000007fefd323000 	C:\Windows\system32\srvcli.dll
0x000007fefab80000 - 0x000007fefab95000 	C:\Windows\system32\wkscli.dll
0x000007fefe060000 - 0x000007fefe263000 	C:\Windows\system32\ole32.dll
0x000007fefdbe0000 - 0x000007fefdcb7000 	C:\Windows\system32\OLEAUT32.dll
0x0000000074970000 - 0x0000000074a34000 	C:\Program Files\MatlabR2011a\bin\win64\mcr.dll
0x0000000075000000 - 0x00000000750e4000 	C:\Program Files\MatlabR2011a\bin\win64\iqm.dll
0x0000000056890000 - 0x000000005702c000 	C:\Program Files\MatlabR2011a\bin\win64\m_interpreter.dll
0x000000006a020000 - 0x000000006a02f000 	C:\Program Files\MatlabR2011a\bin\win64\libmex.dll
0x0000000062b80000 - 0x0000000062c24000 	C:\Program Files\MatlabR2011a\bin\win64\m_dispatcher.dll
0x0000000074880000 - 0x0000000074945000 	C:\Program Files\MatlabR2011a\bin\win64\boost_regex-vc90-mt-1_40.dll
0x0000000065e10000 - 0x0000000065e8f000 	C:\Program Files\MatlabR2011a\bin\win64\profiler.dll
0x0000000079f40000 - 0x0000000079f6c000 	C:\Program Files\MatlabR2011a\bin\win64\libmwmathrng.dll
0x0000000069930000 - 0x0000000069950000 	C:\Program Files\MatlabR2011a\bin\win64\m_pcodeio.dll
0x0000000079b10000 - 0x0000000079b71000 	C:\Program Files\MatlabR2011a\bin\win64\m_ir.dll
0x0000000056250000 - 0x000000005688b000 	C:\Program Files\MatlabR2011a\bin\win64\m_parser.dll
0x0000000069910000 - 0x0000000069929000 	C:\Program Files\MatlabR2011a\bin\win64\ir_xfmr.dll
0x0000000060090000 - 0x00000000602db000 	C:\Program Files\MatlabR2011a\bin\win64\mcos.dll
0x0000000069900000 - 0x000000006990c000 	C:\Program Files\MatlabR2011a\bin\win64\mtok.dll
0x0000000068e50000 - 0x0000000068e7b000 	C:\Program Files\MatlabR2011a\bin\win64\m_pcodegen.dll
0x0000000076160000 - 0x00000000761c2000 	C:\Program Files\MatlabR2011a\bin\win64\libmwspmatrix.dll
0x0000000079fb0000 - 0x0000000079fde000 	C:\Program Files\MatlabR2011a\bin\win64\libmwbridge.dll
0x000000005f440000 - 0x000000005f4f9000 	C:\Program Files\MatlabR2011a\bin\win64\udd.dll
0x0000000056100000 - 0x0000000056241000 	C:\Program Files\MatlabR2011a\bin\win64\libmwgui.dll
0x0000000068e30000 - 0x0000000068e47000 	C:\Program Files\MatlabR2011a\bin\win64\graphics_util.dll
0x0000000055880000 - 0x0000000056100000 	C:\Program Files\MatlabR2011a\bin\win64\hg.dll
0x0000000076100000 - 0x000000007614f000 	C:\Program Files\MatlabR2011a\bin\win64\libmat.dll
0x0000000072d30000 - 0x0000000072f33000 	C:\Program Files\MatlabR2011a\bin\win64\libhdf5.dll
0x0000000063a30000 - 0x0000000063aab000 	C:\Program Files\MatlabR2011a\bin\win64\jmi.dll
0x0000000001a90000 - 0x0000000001a9e000 	C:\Program Files\MatlabR2011a\bin\win64\nativejava_services.dll
0x0000000068b20000 - 0x0000000068b5c000 	C:\Program Files\MatlabR2011a\bin\win64\libmwhardcopy.dll
0x0000000060030000 - 0x0000000060088000 	C:\Program Files\MatlabR2011a\bin\win64\libuij.dll
0x0000000055690000 - 0x0000000055873000 	C:\Program Files\MatlabR2011a\bin\win64\hgdatatypes.dll
0x000000005db90000 - 0x000000005dc4c000 	C:\Program Files\MatlabR2011a\bin\win64\hgutils.dll
0x0000000055610000 - 0x000000005568c000 	C:\Program Files\MatlabR2011a\bin\win64\libmwlapack.dll
0x0000000068db0000 - 0x0000000068dc2000 	C:\Program Files\MatlabR2011a\bin\win64\libmwbinder.dll
0x0000000069590000 - 0x000000006959b000 	C:\Program Files\MatlabR2011a\bin\win64\libmwompwrapper.dll
0x0000000001b20000 - 0x0000000001de4000 	C:\Program Files\MatlabR2011a\bin\win64\uiw.dll
0x0000000068cb0000 - 0x0000000068cba000 	C:\Program Files\MatlabR2011a\bin\win64\uinone.dll
0x0000000055120000 - 0x0000000055604000 	C:\Windows\WinSxS\amd64_microsoft.vc90.mfc_1fc8b3b9a1e18e3b_9.0.30729.4148_none_04480933ab2137b1\mfc90.dll
0x000007fef7a10000 - 0x000007fef7a17000 	C:\Windows\system32\MSIMG32.dll
0x000007fef9fd0000 - 0x000007fefa041000 	C:\Windows\system32\WINSPOOL.DRV
0x0000000055070000 - 0x0000000055119000 	C:\Program Files\MatlabR2011a\bin\win64\udd_mi.dll
0x0000000068b00000 - 0x0000000068b1b000 	C:\Program Files\MatlabR2011a\bin\win64\mwoles05.DLL
0x0000000055000000 - 0x000000005506e000 	C:\Program Files\MatlabR2011a\bin\win64\comcli.dll
0x00000000726a0000 - 0x00000000726cf000 	C:\Windows\WinSxS\amd64_microsoft.vc90.atl_1fc8b3b9a1e18e3b_9.0.30729.4148_none_0a1d2fcba76b3f00\ATL90.DLL
0x0000000068af0000 - 0x0000000068afc000 	C:\Program Files\MatlabR2011a\bin\win64\mlautoregister.dll
0x0000000001e50000 - 0x0000000001e5d000 	C:\Program Files\MatlabR2011a\bin\win64\boost_iostreams-vc90-mt-1_40.dll
0x000007feff3a0000 - 0x000007feff3ce000 	C:\Windows\system32\IMM32.DLL
0x000007feff3d0000 - 0x000007feff4d9000 	C:\Windows\system32\MSCTF.dll
0x000007fefc200000 - 0x000007fefc256000 	C:\Windows\system32\UxTheme.dll
0x000007fefbb80000 - 0x000007fefbb98000 	C:\Windows\system32\dwmapi.dll
0x0000000068ab0000 - 0x0000000068abd000 	C:\Windows\WinSxS\amd64_microsoft.vc90.mfcloc_1fc8b3b9a1e18e3b_9.0.30729.4148_none_01c6b44660ce74c3\MFC90ENU.DLL
0x000007fefd7f0000 - 0x000007fefd7ff000 	C:\Windows\system32\profapi.dll
0x000007fefd6e0000 - 0x000007fefd6ef000 	C:\Windows\system32\CRYPTBASE.dll
0x000007fefc400000 - 0x000007fefc5f4000 	C:\Windows\WinSxS\amd64_microsoft.windows.common-controls_6595b64144ccf1df_6.0.7601.17514_none_fa396087175ac9ac\comctl32.dll
0x000007fefd680000 - 0x000007fefd6d7000 	C:\Windows\system32\apphelp.dll
0x000007fefde80000 - 0x000007fefdf19000 	C:\Windows\system32\CLBCatQ.DLL
0x000007fefbdc0000 - 0x000007fefbeec000 	C:\Windows\system32\PROPSYS.dll
0x000007fefa9f0000 - 0x000007fefaa08000 	C:\Windows\system32\MPR.dll
0x000007fef9650000 - 0x000007fef965a000 	C:\Windows\System32\drprov.dll
0x000007fefd790000 - 0x000007fefd7cd000 	C:\Windows\System32\WINSTA.dll
0x000007fef9620000 - 0x000007fef9642000 	C:\Windows\System32\ntlanman.dll
0x000007fef9600000 - 0x000007fef961d000 	C:\Windows\System32\davclnt.dll
0x000007fef95f0000 - 0x000007fef95fa000 	C:\Windows\System32\DAVHLPR.dll
0x000007fef7df0000 - 0x000007fef7dff000 	C:\Windows\system32\cscapi.dll
0x000007fefc8f0000 - 0x000007fefc91d000 	C:\Windows\system32\ntmarta.dll
0x000007feff0e0000 - 0x000007feff132000 	C:\Windows\system32\WLDAP32.dll
0x0000000002260000 - 0x0000000002289000 	C:\Program Files\MatlabR2011a\bin\win64\tbbmalloc.dll
0x0000000068aa0000 - 0x0000000068aa3000 	C:\Windows\system32\icmp.Dll
0x000007fefa6d0000 - 0x000007fefa6f7000 	C:\Windows\system32\iphlpapi.DLL
0x000007fefa690000 - 0x000007fefa69b000 	C:\Windows\system32\WINNSI.DLL
0x000007fefd640000 - 0x000007fefd665000 	C:\Windows\system32\SspiCli.dll
0x000007fefbf50000 - 0x000007fefbf65000 	C:\Windows\system32\NLAapi.dll
0x000007fef7ac0000 - 0x000007fef7ad5000 	C:\Windows\system32\napinsp.dll
0x000007fef7ae0000 - 0x000007fef7af9000 	C:\Windows\system32\pnrpnsp.dll
0x000007fefd020000 - 0x000007fefd075000 	C:\Windows\System32\mswsock.dll
0x000007fefcea0000 - 0x000007fefcefb000 	C:\Windows\system32\DNSAPI.dll
0x000007fef7de0000 - 0x000007fef7deb000 	C:\Windows\System32\winrnr.dll
0x000007fefa560000 - 0x000007fefa5b3000 	C:\Windows\System32\fwpuclnt.dll

VM Arguments:
jvm_args: -Xss512k -XX:PermSize=32m -Xms64m -XX:NewRatio=3 -XX:MaxPermSize=128m -Xmx196m -XX:MaxDirectMemorySize=2147400000 -Dsun.java2d.noddraw=true -Dsun.awt.nopixfmt=true -Xshare:off -Xrs -Dsun.awt.disableMixing=true -Djava.library.path=C:\Program Files\MatlabR2011a\bin\win64 vfprintf abort 
java_command: <unknown>
Launcher Type: generic

Environment Variables:
PATH=C:\gurobi500\win64\bin;C:\Windows\system32;C:\Windows;C:\Windows\System32\Wbem;C:\Program Files (x86)\Common Files\SYSTEM\MSMAPI\1033;C:\Program Files\MatlabR2011a\runtime\win64;C:\Program Files\MatlabR2011a\bin;C:\Program Files (x86)\PharosSystems\Core;C:\Program Files\Microsoft Windows Performance Toolkit\;C:\Program Files (x86)\Microsoft Visual Studio 10.0\VC\bin;C:\Program Files\TortoiseSVN\bin;C:\Windows\System32\WindowsPowerShell\v1.0\;c:\Program Files (x86)\Microsoft SQL Server\100\Tools\Binn\;c:\Program Files\Microsoft SQL Server\100\Tools\Binn\;c:\Program Files\Microsoft SQL Server\100\DTS\Binn\;C:\Windows\System32\WindowsPowerShell\v1.0\
USERNAME=lxiong7
OS=Windows_NT
PROCESSOR_IDENTIFIER=Intel64 Family 6 Model 26 Stepping 5, GenuineIntel



---------------  S Y S T E M  ---------------

OS: Windows 7 Build 7601 Service Pack 1

CPU:total 4 (8 cores per cpu, 2 threads per core) family 6 model 26 stepping 5, cmov, cx8, fxsr, mmx, sse, sse2, sse3, ssse3, sse4.1, sse4.2, ht

Memory: 4k page, physical 6288952k(2370112k free), swap 12576040k(7264164k free)

vm_info: Java HotSpot(TM) 64-Bit Server VM (14.3-b01) for windows-amd64 JRE (1.6.0_17-b04), built on Oct 11 2009 00:46:08 by "java_re" with MS VC++ 8.0

time: Mon Feb 03 09:44:50 2014
elapsed time: 245644 seconds

